02-May-21 13:41:40 | =========INPUT=========
02-May-21 13:41:40 | for a=0, the probabilities are...
[[0.4 0.6 0.  0.  0.  0.  0.  0.  0.  0.  0. ]
 [0.  0.4 0.6 0.  0.  0.  0.  0.  0.  0.  0. ]
 [0.  0.  0.4 0.6 0.  0.  0.  0.  0.  0.  0. ]
 [0.  0.  0.  0.4 0.6 0.  0.  0.  0.  0.  0. ]
 [0.  0.  0.  0.  0.4 0.6 0.  0.  0.  0.  0. ]
 [0.  0.  0.  0.  0.  0.4 0.6 0.  0.  0.  0. ]
 [0.  0.  0.  0.  0.  0.  0.4 0.6 0.  0.  0. ]
 [0.  0.  0.  0.  0.  0.  0.  0.4 0.6 0.  0. ]
 [0.  0.  0.  0.  0.  0.  0.  0.  0.4 0.6 0. ]
 [0.  0.  0.  0.  0.  0.  0.  0.  0.  0.4 0.6]
 [0.  0.  0.  0.  0.  0.  0.  0.  0.  0.  0. ]]
02-May-21 13:41:40 | for a=1, the probabilities are...
[[0.4 0.6 0.  0.  0.  0.  0.  0.  0.  0.  0. ]
 [0.4 0.6 0.  0.  0.  0.  0.  0.  0.  0.  0. ]
 [0.4 0.6 0.  0.  0.  0.  0.  0.  0.  0.  0. ]
 [0.4 0.6 0.  0.  0.  0.  0.  0.  0.  0.  0. ]
 [0.4 0.6 0.  0.  0.  0.  0.  0.  0.  0.  0. ]
 [0.4 0.6 0.  0.  0.  0.  0.  0.  0.  0.  0. ]
 [0.  0.4 0.6 0.  0.  0.  0.  0.  0.  0.  0. ]
 [0.  0.  0.4 0.6 0.  0.  0.  0.  0.  0.  0. ]
 [0.  0.  0.  0.4 0.6 0.  0.  0.  0.  0.  0. ]
 [0.  0.  0.  0.  0.4 0.6 0.  0.  0.  0.  0. ]
 [0.  0.  0.  0.  0.  0.4 0.6 0.  0.  0.  0. ]]
