02-May-21 13:54:19 | =========INPUT=========
02-May-21 13:54:19 | for a=0, the probabilities are...
[[0.4 0.6 0.  0.  0.  0.  0.  0.  0.  0.  0. ]
 [0.  0.4 0.6 0.  0.  0.  0.  0.  0.  0.  0. ]
 [0.  0.  0.4 0.6 0.  0.  0.  0.  0.  0.  0. ]
 [0.  0.  0.  0.4 0.6 0.  0.  0.  0.  0.  0. ]
 [0.  0.  0.  0.  0.4 0.6 0.  0.  0.  0.  0. ]
 [0.  0.  0.  0.  0.  0.4 0.6 0.  0.  0.  0. ]
 [0.  0.  0.  0.  0.  0.  0.4 0.6 0.  0.  0. ]
 [0.  0.  0.  0.  0.  0.  0.  0.4 0.6 0.  0. ]
 [0.  0.  0.  0.  0.  0.  0.  0.  0.4 0.6 0. ]
 [0.  0.  0.  0.  0.  0.  0.  0.  0.  0.4 0.6]
 [0.  0.  0.  0.  0.  0.  0.  0.  0.  0.  0. ]]
02-May-21 13:54:19 | for a=0, the rewards are...
[[ 0.]
 [-1.]
 [-2.]
 [-3.]
 [-4.]
 [-5.]
 [-6.]
 [-7.]
 [-8.]
 [-9.]
 [ 0.]]
02-May-21 13:54:19 | for a=1, the probabilities are...
[[0.4 0.6 0.  0.  0.  0.  0.  0.  0.  0.  0. ]
 [0.4 0.6 0.  0.  0.  0.  0.  0.  0.  0.  0. ]
 [0.4 0.6 0.  0.  0.  0.  0.  0.  0.  0.  0. ]
 [0.4 0.6 0.  0.  0.  0.  0.  0.  0.  0.  0. ]
 [0.4 0.6 0.  0.  0.  0.  0.  0.  0.  0.  0. ]
 [0.4 0.6 0.  0.  0.  0.  0.  0.  0.  0.  0. ]
 [0.  0.4 0.6 0.  0.  0.  0.  0.  0.  0.  0. ]
 [0.  0.  0.4 0.6 0.  0.  0.  0.  0.  0.  0. ]
 [0.  0.  0.  0.4 0.6 0.  0.  0.  0.  0.  0. ]
 [0.  0.  0.  0.  0.4 0.6 0.  0.  0.  0.  0. ]
 [0.  0.  0.  0.  0.  0.4 0.6 0.  0.  0.  0. ]]
02-May-21 13:54:19 | for a=1, the rewards are...
[[-10.]
 [-10.]
 [-10.]
 [-10.]
 [-10.]
 [-10.]
 [-10.]
 [-10.]
 [-10.]
 [-10.]
 [-10.]]
02-May-21 13:54:19 | =========OUTPUT==========
02-May-21 13:54:19 | ---Policy Values---
02-May-21 13:54:19 | The u_star is ...
{31: array([[0.],
       [0.],
       [0.],
       [0.],
       [0.],
       [0.],
       [0.],
       [0.],
       [0.],
       [0.],
       [0.]]), 30: array([[  0.],
       [ -1.],
       [ -2.],
       [ -3.],
       [ -4.],
       [ -5.],
       [ -6.],
       [ -7.],
       [ -8.],
       [ -9.],
       [-10.]]), 29: array([[ -0.6],
       [ -2.6],
       [ -4.6],
       [ -6.6],
       [ -8.6],
       [-10.6],
       [-11.6],
       [-12.6],
       [-13.6],
       [-14.6],
       [-15.6]]), 28: array([[ -1.8],
       [ -4.8],
       [ -7.8],
       [-10.8],
       [-11.8],
       [-11.8],
       [-13.8],
       [-15.8],
       [-17.8],
       [-19.8],
       [-21.2]]), 27: array([[ -3.6],
       [ -7.6],
       [-11.6],
       [-13.6],
       [-13.6],
       [-13.6],
       [-16.6],
       [-19.6],
       [-21.4],
       [-21.8],
       [-23. ]]), 26: array([[ -6. ],
       [-11. ],
       [-14.8],
       [-16. ],
       [-16. ],
       [-16. ],
       [-20. ],
       [-22.8],
       [-23.6],
       [-23.6],
       [-25.4]]), 25: array([[ -9.  ],
       [-14.28],
       [-17.52],
       [-19.  ],
       [-19.  ],
       [-19.  ],
       [-23.28],
       [-25.52],
       [-26.  ],
       [-26.  ],
       [-28.4 ]]), 24: array([[-12.168],
       [-17.224],
       [-20.408],
       [-22.   ],
       [-22.168],
       [-22.168],
       [-26.224],
       [-28.408],
       [-29.   ],
       [-29.   ],
       [-31.568]]), 23: array([[-15.2016],
       [-20.1344],
       [-23.3632],
       [-25.1008],
       [-25.2016],
       [-25.2016],
       [-29.1344],
       [-31.3632],
       [-32.1008],
       [-32.168 ],
       [-34.6016]]), 22: array([[-18.16128],
       [-23.07168],
       [-26.40576],
       [-28.16128],
       [-28.16128],
       [-28.16128],
       [-32.07168],
       [-34.40576],
       [-35.16128],
       [-35.2016 ],
       [-37.56128]]), 21: array([[-21.10752 ],
       [-26.072128],
       [-29.459072],
       [-31.10752 ],
       [-31.10752 ],
       [-31.10752 ],
       [-35.072128],
       [-37.459072],
       [-38.16128 ],
       [-38.16128 ],
       [-40.50752 ]]), 20: array([[-24.0862848],
       [-29.1042944],
       [-32.4481408],
       [-34.0862848],
       [-34.0862848],
       [-34.0862848],
       [-38.1042944],
       [-40.4481408],
       [-41.10752  ],
       [-41.10752  ],
       [-43.4862848]]), 19: array([[-27.09709056],
       [-32.11060224],
       [-35.4310272 ],
       [-37.0862848 ],
       [-37.09709056],
       [-37.09709056],
       [-41.11060224],
       [-43.4310272 ],
       [-44.0862848 ],
       [-44.0862848 ],
       [-46.49709056]]), 18: array([[-30.10519757],
       [-35.10285722],
       [-38.42418176],
       [-40.09276826],
       [-40.10519757],
       [-40.10519757],
       [-44.10285722],
       [-46.42418176],
       [-47.09276826],
       [-47.09709056],
       [-49.50519757]]), 17: array([[-33.10379336],
       [-38.09565194],
       [-41.42533366],
       [-43.10022584],
       [-43.10379336],
       [-43.10379336],
       [-47.09565194],
       [-49.42533366],
       [-50.10022584],
       [-50.10519757],
       [-52.50379336]]), 16: array([[-36.09890851],
       [-41.09346097],
       [-44.43026897],
       [-46.09890851],
       [-46.09890851],
       [-46.09890851],
       [-50.09346097],
       [-52.43026897],
       [-53.10236635],
       [-53.10379336],
       [-55.49890851]]), 15: array([[-39.09563999],
       [-44.09554577],
       [-47.43145269],
       [-49.09563999],
       [-49.09563999],
       [-49.09563999],
       [-53.09554577],
       [-55.43145269],
       [-56.09890851],
       [-56.09890851],
       [-58.49563999]]), 14: array([[-42.09558346],
       [-47.09708992],
       [-50.42996507],
       [-52.09558346],
       [-52.09558346],
       [-52.09558346],
       [-56.09708992],
       [-58.42996507],
       [-59.09563999],
       [-59.09563999],
       [-61.49558346]]), 13: array([[-45.09648734],
       [-50.09681501],
       [-53.4293361 ],
       [-55.09558346],
       [-55.09648734],
       [-55.09648734],
       [-59.09681501],
       [-61.4293361 ],
       [-62.09558346],
       [-62.09558346],
       [-64.49648734]]), 12: array([[-48.09668394],
       [-53.09632767],
       [-56.42908451],
       [-58.09612578],
       [-58.09668394],
       [-58.09668394],
       [-62.09632767],
       [-64.42908451],
       [-65.09612578],
       [-65.09648734],
       [-67.49668394]]), 11: array([[-51.09647018],
       [-56.09598177],
       [-59.42930928],
       [-61.09646068],
       [-61.09647018],
       [-61.09647018],
       [-65.09598177],
       [-67.42930928],
       [-68.09646068],
       [-68.09668394],
       [-70.49647018]]), 10: array([[-54.09617713],
       [-59.09597828],
       [-62.42960012],
       [-64.09617713],
       [-64.09617713],
       [-64.09617713],
       [-68.09597828],
       [-70.42960012],
       [-71.09646638],
       [-71.09647018],
       [-73.49617713]]), 9: array([[-57.09605782],
       [-62.09615138],
       [-65.42954633],
       [-67.09605782],
       [-67.09605782],
       [-67.09605782],
       [-71.09615138],
       [-73.42954633],
       [-74.09617713],
       [-74.09617713],
       [-76.49605782]]), 8: array([[-60.09611396],
       [-65.09618835],
       [-68.42945322],
       [-70.09605782],
       [-70.09611396],
       [-70.09611396],
       [-74.09618835],
       [-76.42945322],
       [-77.09605782],
       [-77.09605782],
       [-79.49611396]]), 7: array([[-63.09615859],
       [-68.09614727],
       [-71.42941598],
       [-73.0960915 ],
       [-73.09615859],
       [-73.09615859],
       [-77.09614727],
       [-79.42941598],
       [-80.0960915 ],
       [-80.09611396],
       [-82.49615859]]), 6: array([[-66.0961518 ],
       [-71.0961085 ],
       [-74.42942129],
       [-76.09613176],
       [-76.0961518 ],
       [-76.0961518 ],
       [-80.0961085 ],
       [-82.42942129],
       [-83.09613176],
       [-83.09615859],
       [-85.4961518 ]]), 5: array([[-69.09612582],
       [-74.09609618],
       [-77.42944757],
       [-79.09612582],
       [-79.09612582],
       [-79.09612582],
       [-83.09609618],
       [-85.42944757],
       [-86.09614378],
       [-86.0961518 ],
       [-88.49612582]]), 4: array([[-72.09610803],
       [-77.09610701],
       [-80.42945452],
       [-82.09610803],
       [-82.09610803],
       [-82.09610803],
       [-86.09610701],
       [-88.42945452],
       [-89.09612582],
       [-89.09612582],
       [-91.49610803]]), 3: array([[-75.09610742],
       [-80.09611552],
       [-83.42944663],
       [-85.09610742],
       [-85.09610742],
       [-85.09610742],
       [-89.09611552],
       [-91.42944663],
       [-92.09610803],
       [-92.09610803],
       [-94.49610742]]), 2: array([[-78.09611228],
       [-83.09611418],
       [-86.4294431 ],
       [-88.09610742],
       [-88.09611228],
       [-88.09611228],
       [-92.09611418],
       [-94.4294431 ],
       [-95.09610742],
       [-95.09610742],
       [-97.49611228]]), 1: array([[ -81.09611342],
       [ -86.09611154],
       [ -89.42944169],
       [ -91.09611034],
       [ -91.09611342],
       [ -91.09611342],
       [ -95.09611154],
       [ -97.42944169],
       [ -98.09611034],
       [ -98.09611228],
       [-100.49611342]])}
02-May-21 13:54:19 | ---Policy Decisions---
02-May-21 13:54:19 | The d_star is ...
{1: array([[0.],
       [0.],
       [0.],
       [0.],
       [1.],
       [1.],
       [1.],
       [1.],
       [1.],
       [1.],
       [1.]]), 2: array([[0.],
       [0.],
       [0.],
       [0.],
       [1.],
       [1.],
       [1.],
       [1.],
       [1.],
       [1.],
       [1.]]), 3: array([[0.],
       [0.],
       [0.],
       [1.],
       [1.],
       [1.],
       [1.],
       [1.],
       [1.],
       [1.],
       [1.]]), 4: array([[0.],
       [0.],
       [0.],
       [1.],
       [1.],
       [1.],
       [1.],
       [1.],
       [1.],
       [1.],
       [1.]]), 5: array([[0.],
       [0.],
       [0.],
       [1.],
       [1.],
       [1.],
       [1.],
       [1.],
       [1.],
       [1.],
       [1.]]), 6: array([[0.],
       [0.],
       [0.],
       [0.],
       [1.],
       [1.],
       [1.],
       [1.],
       [1.],
       [1.],
       [1.]]), 7: array([[0.],
       [0.],
       [0.],
       [0.],
       [1.],
       [1.],
       [1.],
       [1.],
       [1.],
       [1.],
       [1.]]), 8: array([[0.],
       [0.],
       [0.],
       [0.],
       [1.],
       [1.],
       [1.],
       [1.],
       [1.],
       [1.],
       [1.]]), 9: array([[0.],
       [0.],
       [0.],
       [1.],
       [1.],
       [1.],
       [1.],
       [1.],
       [1.],
       [1.],
       [1.]]), 10: array([[0.],
       [0.],
       [0.],
       [1.],
       [1.],
       [1.],
       [1.],
       [1.],
       [1.],
       [1.],
       [1.]]), 11: array([[0.],
       [0.],
       [0.],
       [0.],
       [1.],
       [1.],
       [1.],
       [1.],
       [1.],
       [1.],
       [1.]]), 12: array([[0.],
       [0.],
       [0.],
       [0.],
       [1.],
       [1.],
       [1.],
       [1.],
       [1.],
       [1.],
       [1.]]), 13: array([[0.],
       [0.],
       [0.],
       [0.],
       [1.],
       [1.],
       [1.],
       [1.],
       [1.],
       [1.],
       [1.]]), 14: array([[0.],
       [0.],
       [0.],
       [1.],
       [1.],
       [1.],
       [1.],
       [1.],
       [1.],
       [1.],
       [1.]]), 15: array([[0.],
       [0.],
       [0.],
       [1.],
       [1.],
       [1.],
       [1.],
       [1.],
       [1.],
       [1.],
       [1.]]), 16: array([[0.],
       [0.],
       [0.],
       [1.],
       [1.],
       [1.],
       [1.],
       [1.],
       [1.],
       [1.],
       [1.]]), 17: array([[0.],
       [0.],
       [0.],
       [0.],
       [1.],
       [1.],
       [1.],
       [1.],
       [1.],
       [1.],
       [1.]]), 18: array([[0.],
       [0.],
       [0.],
       [0.],
       [1.],
       [1.],
       [1.],
       [1.],
       [1.],
       [1.],
       [1.]]), 19: array([[0.],
       [0.],
       [0.],
       [0.],
       [1.],
       [1.],
       [1.],
       [1.],
       [1.],
       [1.],
       [1.]]), 20: array([[0.],
       [0.],
       [0.],
       [1.],
       [1.],
       [1.],
       [1.],
       [1.],
       [1.],
       [1.],
       [1.]]), 21: array([[0.],
       [0.],
       [0.],
       [1.],
       [1.],
       [1.],
       [1.],
       [1.],
       [1.],
       [1.],
       [1.]]), 22: array([[0.],
       [0.],
       [0.],
       [0.],
       [1.],
       [1.],
       [1.],
       [1.],
       [1.],
       [1.],
       [1.]]), 23: array([[0.],
       [0.],
       [0.],
       [0.],
       [1.],
       [1.],
       [1.],
       [1.],
       [1.],
       [1.],
       [1.]]), 24: array([[0.],
       [0.],
       [0.],
       [0.],
       [1.],
       [1.],
       [1.],
       [1.],
       [1.],
       [1.],
       [1.]]), 25: array([[0.],
       [0.],
       [0.],
       [0.],
       [1.],
       [1.],
       [1.],
       [1.],
       [1.],
       [1.],
       [1.]]), 26: array([[0.],
       [0.],
       [0.],
       [1.],
       [1.],
       [1.],
       [1.],
       [1.],
       [1.],
       [1.],
       [1.]]), 27: array([[0.],
       [0.],
       [0.],
       [1.],
       [1.],
       [1.],
       [1.],
       [1.],
       [1.],
       [1.],
       [1.]]), 28: array([[0.],
       [0.],
       [0.],
       [0.],
       [1.],
       [1.],
       [1.],
       [1.],
       [1.],
       [1.],
       [1.]]), 29: array([[0.],
       [0.],
       [0.],
       [0.],
       [0.],
       [0.],
       [1.],
       [1.],
       [1.],
       [1.],
       [1.]]), 30: array([[0.],
       [0.],
       [0.],
       [0.],
       [0.],
       [0.],
       [0.],
       [0.],
       [0.],
       [0.],
       [1.]]), 31: array([[0.],
       [0.],
       [0.],
       [0.],
       [0.],
       [0.],
       [0.],
       [0.],
       [0.],
       [0.],
       [0.]])}
