29-Apr-21 19:45:42 | =========INPUT=========
29-Apr-21 19:45:42 | for a=1, the probabilities are...
[[1. 0.]
 [0. 1.]]
29-Apr-21 19:45:42 | for a=2, the probabilities are...
[[0.5 0.5]
 [1.  0. ]]
29-Apr-21 19:45:42 | for a=1, the rewards are...
[[1.]
 [1.]]
29-Apr-21 19:45:42 | for a=2, the rewards are...
[[2.]
 [0.]]
29-Apr-21 19:45:42 | =========OUTPUT==========
29-Apr-21 19:45:42 | ---Policy Values---
29-Apr-21 19:45:42 | The u_star is ...
{2: array([[0.],
       [0.]]), 1: array([[2.],
       [1.]]), 0: array([[3.5],
       [2. ]])}
29-Apr-21 19:45:42 | ---Policy Decisions---
29-Apr-21 19:45:42 | The d_star is ...
{0: array([[2.],
       [1.]]), 1: array([[2.],
       [1.]]), 2: array([[0.],
       [0.]])}
