28-Apr-21 14:18:24 | =========INPUT=========
28-Apr-21 14:18:24 | The transition matrices are built.
28-Apr-21 14:18:24 | For a=0, P is...
[[0. 0. 0. 0. 0. 0. 0. 0.]
 [0. 0. 0. 0. 0. 0. 0. 0.]
 [0. 0. 0. 0. 0. 0. 0. 0.]
 [0. 0. 0. 0. 0. 0. 0. 0.]
 [0. 0. 0. 0. 0. 0. 0. 0.]
 [0. 0. 0. 0. 0. 0. 0. 0.]
 [0. 0. 0. 0. 0. 0. 0. 0.]
 [0. 0. 0. 0. 0. 0. 0. 1.]]
28-Apr-21 14:18:24 | For a=1, P is...
[[0. 0. 0. 0. 0. 0. 0. 1.]
 [0. 0. 0. 0. 0. 0. 0. 0.]
 [0. 0. 0. 0. 0. 0. 0. 0.]
 [0. 0. 0. 0. 0. 0. 0. 0.]
 [0. 0. 0. 0. 0. 0. 0. 0.]
 [0. 0. 0. 0. 0. 0. 0. 0.]
 [0. 0. 0. 0. 0. 0. 0. 0.]
 [0. 0. 0. 0. 0. 0. 0. 0.]]
28-Apr-21 14:18:24 | For a=2, P is...
[[0.     0.     0.3984 0.     0.     0.     0.     0.6016]
 [0.5976 0.     0.     0.3984 0.     0.     0.     0.004 ]
 [0.     0.5976 0.     0.     0.3984 0.     0.     0.004 ]
 [0.     0.     0.5976 0.     0.     0.3984 0.     0.004 ]
 [0.     0.     0.     0.5976 0.     0.     0.3984 0.004 ]
 [0.     0.     0.     0.     0.5976 0.     0.3984 0.004 ]
 [0.     0.     0.     0.     0.     0.5976 0.3984 0.004 ]
 [0.     0.     0.     0.     0.     0.     0.     0.    ]]
28-Apr-21 14:18:24 | For a=3, P is...
[[0.    0.    0.    0.    0.588 0.    0.    0.412]
 [0.392 0.    0.    0.    0.    0.588 0.    0.02 ]
 [0.    0.392 0.    0.    0.    0.    0.588 0.02 ]
 [0.    0.    0.392 0.    0.    0.    0.588 0.02 ]
 [0.    0.    0.    0.392 0.    0.    0.588 0.02 ]
 [0.    0.    0.    0.    0.392 0.    0.588 0.02 ]
 [0.    0.    0.    0.    0.    0.392 0.588 0.02 ]
 [0.    0.    0.    0.    0.    0.    0.    0.   ]]
28-Apr-21 14:18:24 | ========OUTPUT========
28-Apr-21 14:18:24 | ---POLICY VALUES---
28-Apr-21 14:18:24 | The u_star is ...
{21: array([[1.],
       [1.],
       [1.],
       [1.],
       [1.],
       [1.],
       [1.],
       [0.]]), 20: array([[0.588],
       [0.996],
       [0.996],
       [0.996],
       [0.996],
       [0.996],
       [0.996],
       [0.   ]]), 19: array([[0.585648],
       [0.816144],
       [0.992016],
       [0.992016],
       [0.992016],
       [0.992016],
       [0.992016],
       [0.      ]]), 18: array([[0.58330541],
       [0.81287942],
       [0.90323386],
       [0.98804794],
       [0.98804794],
       [0.98804794],
       [0.98804794],
       [0.        ]]), 17: array([[0.58097219],
       [0.80962791],
       [0.89962092],
       [0.93503986],
       [0.98409574],
       [0.98409574],
       [0.98409574],
       [0.        ]]), 16: array([[0.5786483 ],
       [0.80638939],
       [0.89602244],
       [0.9312997 ],
       [0.95084356],
       [0.98015936],
       [0.98015936],
       [0.        ]]), 15: array([[0.55909602],
       [0.80316384],
       [0.89243835],
       [0.9275745 ],
       [0.94704019],
       [0.9587196 ],
       [0.97623872],
       [0.        ]]), 14: array([[0.55685963],
       [0.78289276],
       [0.88886859],
       [0.9238642 ],
       [0.94325203],
       [0.95488472],
       [0.96186434],
       [0.        ]]), 13: array([[0.55463219],
       [0.77976119],
       [0.8724702 ],
       [0.91401272],
       [0.935308  ],
       [0.94689417],
       [0.95384587],
       [0.        ]]), 12: array([[0.5499611 ],
       [0.77418959],
       [0.86652776],
       [0.90286969],
       [0.9262262 ],
       [0.93895225],
       [0.94587615],
       [0.        ]]), 11: array([[0.544621  ],
       [0.76768868],
       [0.85965749],
       [0.89585405],
       [0.91639198],
       [0.93034983],
       [0.93795492],
       [0.        ]]), 10: array([[0.53883848],
       [0.76053713],
       [0.85245146],
       [0.88850323],
       [0.90904362],
       [0.92131709],
       [0.9296583 ],
       [0.        ]]), 9: array([[0.53451765],
       [0.75295913],
       [0.84476964],
       [0.88080005],
       [0.9013454 ],
       [0.91362034],
       [0.92095496],
       [0.        ]]), 8: array([[0.52999109],
       [0.74673968],
       [0.8366815 ],
       [0.87267121],
       [0.89327457],
       [0.90555247],
       [0.91288797],
       [0.        ]]), 7: array([[0.52524545],
       [0.74022136],
       [0.82950008],
       [0.86475727],
       [0.88520288],
       [0.89751545],
       [0.90485272],
       [0.        ]]), 6: array([[0.5204993 ],
       [0.7336353 ],
       [0.82222017],
       [0.85721743],
       [0.87727227],
       [0.88949057],
       [0.89684856],
       [0.        ]]), 5: array([[0.51583609],
       [0.72705618],
       [0.81493199],
       [0.84965726],
       [0.8695776 ],
       [0.88156237],
       [0.88886403],
       [0.        ]]), 4: array([[0.51131163],
       [0.72056642],
       [0.80765807],
       [0.84210539],
       [0.86187861],
       [0.873783  ],
       [0.8809451 ],
       [0.        ]]), 3: array([[0.50678462],
       [0.71421856],
       [0.80045776],
       [0.83459768],
       [0.85421071],
       [0.86602718],
       [0.87314125],
       [0.        ]]), 2: array([[0.5022759 ],
       [0.70788356],
       [0.79338073],
       [0.8271865 ],
       [0.84661505],
       [0.85833579],
       [0.86539732],
       [0.        ]]), 1: array([[0.49780965],
       [0.7015936 ],
       [0.78634398],
       [0.81985887],
       [0.83910094],
       [0.85071145],
       [0.85771576],
       [0.        ]]), 0: array([[0.49339135],
       [0.69535971],
       [0.77936156],
       [0.81258371],
       [0.83166162],
       [0.84316068],
       [0.85009912],
       [0.        ]])}
28-Apr-21 14:18:24 | ---Policy Decision---
28-Apr-21 14:18:24 | The d_star is ...
{0: array([[3.],
       [3.],
       [3.],
       [3.],
       [2.],
       [2.],
       [2.],
       [0.]]), 1: array([[3.],
       [3.],
       [3.],
       [3.],
       [2.],
       [2.],
       [2.],
       [0.]]), 2: array([[3.],
       [3.],
       [3.],
       [3.],
       [2.],
       [2.],
       [2.],
       [0.]]), 3: array([[3.],
       [3.],
       [3.],
       [3.],
       [2.],
       [2.],
       [2.],
       [0.]]), 4: array([[3.],
       [3.],
       [3.],
       [3.],
       [2.],
       [2.],
       [2.],
       [0.]]), 5: array([[3.],
       [3.],
       [3.],
       [3.],
       [2.],
       [2.],
       [2.],
       [0.]]), 6: array([[3.],
       [3.],
       [3.],
       [3.],
       [2.],
       [2.],
       [2.],
       [0.]]), 7: array([[3.],
       [3.],
       [3.],
       [3.],
       [2.],
       [2.],
       [2.],
       [0.]]), 8: array([[3.],
       [3.],
       [3.],
       [3.],
       [2.],
       [2.],
       [2.],
       [0.]]), 9: array([[3.],
       [3.],
       [3.],
       [3.],
       [2.],
       [2.],
       [2.],
       [0.]]), 10: array([[3.],
       [3.],
       [3.],
       [3.],
       [2.],
       [2.],
       [2.],
       [0.]]), 11: array([[3.],
       [3.],
       [3.],
       [3.],
       [2.],
       [2.],
       [2.],
       [0.]]), 12: array([[3.],
       [3.],
       [3.],
       [3.],
       [2.],
       [2.],
       [2.],
       [0.]]), 13: array([[3.],
       [3.],
       [3.],
       [3.],
       [2.],
       [2.],
       [2.],
       [0.]]), 14: array([[3.],
       [3.],
       [3.],
       [3.],
       [2.],
       [2.],
       [2.],
       [0.]]), 15: array([[3.],
       [3.],
       [3.],
       [3.],
       [2.],
       [2.],
       [2.],
       [0.]]), 16: array([[3.],
       [3.],
       [3.],
       [3.],
       [2.],
       [2.],
       [2.],
       [0.]]), 17: array([[3.],
       [3.],
       [3.],
       [3.],
       [2.],
       [2.],
       [2.],
       [0.]]), 18: array([[3.],
       [3.],
       [3.],
       [2.],
       [2.],
       [2.],
       [2.],
       [0.]]), 19: array([[3.],
       [3.],
       [2.],
       [2.],
       [2.],
       [2.],
       [2.],
       [0.]]), 20: array([[3.],
       [2.],
       [2.],
       [2.],
       [2.],
       [2.],
       [2.],
       [0.]]), 21: array([[0.],
       [0.],
       [0.],
       [0.],
       [0.],
       [0.],
       [0.],
       [0.]])}
